<?xml version="1.0" encoding="utf-8"?><testsuite errors="0" failures="0" name="pytest" skips="0" tests="22" time="58.287"><testcase classname="tests.test_gems" file="tests/test_gems.py" line="8" name="test_gem_ruby193_fast_github[ansible://centos6]" time="3.30568885803"></testcase><testcase classname="tests.test_packages" file="tests/test_packages.py" line="13" name="test_python33_is_installed[ansible://centos7]" time="16.5119912624"></testcase><testcase classname="tests.test_packages" file="tests/test_packages.py" line="8" name="test_ruby193_is_installed[ansible://centos7]" time="15.7520191669"></testcase><testcase classname="tests.test_gems" file="tests/test_gems.py" line="8" name="test_gem_ruby193_fast_github[ansible://centos7]" time="3.53552103043"></testcase><testcase classname="tests.test_packages" file="tests/test_packages.py" line="8" name="test_ruby193_is_installed[ansible://centos6]" time="14.6699149609"></testcase><testcase classname="tests.test_pips" file="tests/test_pips.py" line="8" name="test_pip_python33_travis[ansible://centos7]" time="3.95887804031"></testcase><testcase classname="tests.test_packages" file="tests/test_packages.py" line="13" name="test_python33_is_installed[ansible://centos6]" time="15.1818926334"></testcase><testcase classname="tests.test_repos" file="tests/test_repos.py" line="23" name="test_yumrepo_sclo_rh[ansible://centos7]" time="3.04745793343"></testcase><testcase classname="tests.test_repos" file="tests/test_repos.py" line="17" name="test_yumrepo_sclo_sclo[ansible://centos6]" time="2.79130315781"></testcase><testcase classname="tests.test_repos" file="tests/test_repos.py" line="23" name="test_yumrepo_sclo_rh[ansible://centos6]" time="2.7160410881"></testcase><testcase classname="tests.test_repos" file="tests/test_repos.py" line="17" name="test_yumrepo_sclo_sclo[ansible://centos7]" time="2.88496613503"></testcase><testcase classname="tests.test_pips" file="tests/test_pips.py" line="8" name="test_pip_python33_travis[ansible://centos6]" time="3.77684617043"></testcase><testcase classname="tests.test_wrappers" file="tests/test_wrappers.py" line="8" name="test_file_scl_wrapper_ruby193[ansible://centos7]" time="18.2057888508"></testcase><testcase classname="tests.test_repos" file="tests/test_repos.py" line="8" name="test_file_rpm_gpg_key_centos_sig_sclo[ansible://centos7]" time="12.5502438545"></testcase><testcase classname="tests.test_wrappers" file="tests/test_wrappers.py" line="17" name="test_file_scl_shebang_ruby193[ansible://centos7]" time="18.362858057"></testcase><testcase classname="tests.test_repos" file="tests/test_repos.py" line="8" name="test_file_rpm_gpg_key_centos_sig_sclo[ansible://centos6]" time="9.66626095772"></testcase><testcase classname="tests.test_wrappers" file="tests/test_wrappers.py" line="26" name="test_file_scl_wrapper_python33[ansible://centos7]" time="11.8250186443"></testcase><testcase classname="tests.test_wrappers" file="tests/test_wrappers.py" line="35" name="test_file_scl_shebang_python33[ansible://centos7]" time="11.0585310459"></testcase><testcase classname="tests.test_wrappers" file="tests/test_wrappers.py" line="35" name="test_file_scl_shebang_python33[ansible://centos6]" time="20.7583727837"></testcase><testcase classname="tests.test_wrappers" file="tests/test_wrappers.py" line="8" name="test_file_scl_wrapper_ruby193[ansible://centos6]" time="20.2866718769"></testcase><testcase classname="tests.test_wrappers" file="tests/test_wrappers.py" line="17" name="test_file_scl_shebang_ruby193[ansible://centos6]" time="16.4391510487"></testcase><testcase classname="tests.test_wrappers" file="tests/test_wrappers.py" line="26" name="test_file_scl_wrapper_python33[ansible://centos6]" time="15.1817090511"></testcase></testsuite>